Cron started at 2025-11-18 16:19:56
Found 1 auto-method(s) to check.
--- Checking Method: NayaPay ---
  No new emails found for payments@test.israrliaqat.shop.
Cron finished at 2025-11-18 16:19:56

Cron started at 2025-11-18 16:19:58
Found 1 auto-method(s) to check.
--- Checking Method: NayaPay ---
  No new emails found for payments@test.israrliaqat.shop.
Cron finished at 2025-11-18 16:19:58

Cron started at 2025-11-18 16:20:00
Found 1 auto-method(s) to check.
--- Checking Method: NayaPay ---
  No new emails found for payments@test.israrliaqat.shop.
Cron finished at 2025-11-18 16:20:00

Cron started at 2025-11-18 16:20:02
Found 1 auto-method(s) to check.
--- Checking Method: NayaPay ---
  No new emails found for payments@test.israrliaqat.shop.
Cron finished at 2025-11-18 16:20:02

Cron started at 2025-11-18 16:21:02
Found 1 auto-method(s) to check.
--- Checking Method: NayaPay ---
  No new emails found for payments@test.israrliaqat.shop.
Cron finished at 2025-11-18 16:21:02

Cron started at 2025-11-18 16:22:01
Found 1 auto-method(s) to check.
--- Checking Method: NayaPay ---
  No new emails found for payments@test.israrliaqat.shop.
Cron finished at 2025-11-18 16:22:01

Cron started at 2025-11-18 16:23:01
Found 1 auto-method(s) to check.
--- Checking Method: NayaPay ---
  No new emails found for payments@test.israrliaqat.shop.
Cron finished at 2025-11-18 16:23:01

Cron started at 2025-11-18 16:24:01
Found 1 auto-method(s) to check.
--- Checking Method: NayaPay ---
  No new emails found for payments@test.israrliaqat.shop.
Cron finished at 2025-11-18 16:24:01

Cron started at 2025-11-18 16:25:02
Found 1 auto-method(s) to check.
--- Checking Method: NayaPay ---
  No new emails found for payments@test.israrliaqat.shop.
Cron finished at 2025-11-18 16:25:02

Cron started at 2025-11-18 16:26:01
Found 1 auto-method(s) to check.
--- Checking Method: NayaPay ---
  No new emails found for payments@test.israrliaqat.shop.
Cron finished at 2025-11-18 16:26:01

Cron started at 2025-11-18 16:26:52
Found 1 auto-method(s) to check.
--- Checking Method: NayaPay ---
  No new emails found for payments@test.israrliaqat.shop.
Cron finished at 2025-11-18 16:26:52

Cron started at 2025-11-18 16:30:02
Found 1 auto-method(s) to check.
--- Checking Method: NayaPay ---
  No new emails found for payments@test.israrliaqat.shop.
Cron finished at 2025-11-18 16:30:02

Cron started at 2025-11-18 16:31:06
Found 1 auto-method(s) to check.
--- Checking Method: NayaPay ---
  No new emails found for payments@test.israrliaqat.shop.
Cron finished at 2025-11-18 16:31:06

Cron started at 2025-11-18 16:35:02
Found 1 auto-method(s) to check.
--- Checking Method: NayaPay ---
  No new emails found for payments@test.israrliaqat.shop.
Cron finished at 2025-11-18 16:35:02

Cron started at 2025-11-18 16:36:32
Found 1 auto-method(s) to check.
--- Checking Method: NayaPay ---
  No new emails found for payments@test.israrliaqat.shop.
Cron finished at 2025-11-18 16:36:32

Cron started at 2025-11-18 16:36:49
Found 1 auto-method(s) to check.
--- Checking Method: NayaPay ---
  No new emails found for payments@test.israrliaqat.shop.
Cron finished at 2025-11-18 16:36:49

Cron started at 2025-11-18 16:37:56
Found 1 auto-method(s) to check.
--- Checking Method: NayaPay ---
  No new emails found for payments@test.israrliaqat.shop.
Cron finished at 2025-11-18 16:37:56

Cron started at 2025-11-18 16:38:20
Found 1 auto-method(s) to check.
--- Checking Method: NayaPay ---
  No new emails found for payments@test.israrliaqat.shop.
Cron finished at 2025-11-18 16:38:20

Cron started at 2025-11-18 16:38:22
Found 1 auto-method(s) to check.
--- Checking Method: NayaPay ---
  No new emails found for payments@test.israrliaqat.shop.
Cron finished at 2025-11-18 16:38:22

Cron started at 2025-11-18 16:38:23
Found 1 auto-method(s) to check.
--- Checking Method: NayaPay ---
  No new emails found for payments@test.israrliaqat.shop.
Cron finished at 2025-11-18 16:38:23

Cron started at 2025-11-18 16:38:24
Found 1 auto-method(s) to check.
--- Checking Method: NayaPay ---
  No new emails found for payments@test.israrliaqat.shop.
Cron finished at 2025-11-18 16:38:24

Cron started at 2025-11-18 16:38:34
Found 1 auto-method(s) to check.
--- Checking Method: NayaPay ---
  No new emails found for payments@test.israrliaqat.shop.
Cron finished at 2025-11-18 16:38:34

Cron started at 2025-11-18 16:38:35
Found 1 auto-method(s) to check.
--- Checking Method: NayaPay ---
  No new emails found for payments@test.israrliaqat.shop.
Cron finished at 2025-11-18 16:38:36

Cron started at 2025-11-18 16:38:37
Found 1 auto-method(s) to check.
--- Checking Method: NayaPay ---
  No new emails found for payments@test.israrliaqat.shop.
Cron finished at 2025-11-18 16:38:37

Cron started at 2025-11-18 16:38:38
Found 1 auto-method(s) to check.
--- Checking Method: NayaPay ---
  No new emails found for payments@test.israrliaqat.shop.
Cron finished at 2025-11-18 16:38:38

Cron started at 2025-11-18 16:38:39
Found 1 auto-method(s) to check.
--- Checking Method: NayaPay ---
  No new emails found for payments@test.israrliaqat.shop.
Cron finished at 2025-11-18 16:38:39

Cron started at 2025-11-18 16:38:41
Found 1 auto-method(s) to check.
--- Checking Method: NayaPay ---
  No new emails found for payments@test.israrliaqat.shop.
Cron finished at 2025-11-18 16:38:41

Cron started at 2025-11-18 16:38:42
Found 1 auto-method(s) to check.
--- Checking Method: NayaPay ---
  No new emails found for payments@test.israrliaqat.shop.
Cron finished at 2025-11-18 16:38:42

Cron started at 2025-11-18 16:39:06
Found 1 auto-method(s) to check.
--- Checking Method: NayaPay ---
  No new emails found for payments@test.israrliaqat.shop.
Cron finished at 2025-11-18 16:39:06

Cron started at 2025-11-18 16:39:29
Found 1 auto-method(s) to check.
--- Checking Method: NayaPay ---
  Found 2 unread emails.
    SKIPPED: TXN ID: 691c2c28180b4d7a0b8e0421 already exists.
    SKIPPED: TXN ID: 691c2c28180b4d7a0b8e0421 already exists.
Cron finished at 2025-11-18 16:39:29

Cron started at 2025-11-18 16:40:02
Found 1 auto-method(s) to check.
--- Checking Method: NayaPay ---
  No new emails found for payments@test.israrliaqat.shop.
Cron finished at 2025-11-18 16:40:02

