[2025-12-03 03:49:01] --- SYNC STARTED ---
[2025-12-03 08:49:02] Sync Complete. New: 0, Updated: 358, Removed: 0
[2025-12-03 08:17:43] --- SYNC STARTED ---
[2025-12-03 13:17:44] Sync Complete. New: 0, Updated: 358, Removed: 0
[2025-12-03 08:30:02] --- SYNC STARTED ---
[2025-12-03 13:30:04] Sync Complete. New: 0, Updated: 358, Removed: 0
[2025-12-03 09:00:03] --- SYNC STARTED ---
[2025-12-03 14:00:05] Sync Complete. New: 0, Updated: 358, Removed: 0
[2025-12-03 09:30:03] --- SYNC STARTED ---
[2025-12-03 14:30:07] Sync Complete. New: 0, Updated: 358, Removed: 0
[2025-12-03 10:00:03] --- SYNC STARTED ---
[2025-12-03 15:00:05] Sync Complete. New: 0, Updated: 358, Removed: 0
[2025-12-03 10:30:02] --- SYNC STARTED ---
[2025-12-03 15:30:03] Sync Complete. New: 0, Updated: 358, Removed: 0
[2025-12-03 11:00:03] --- SYNC STARTED ---
[2025-12-03 16:00:04] Sync Complete. New: 0, Updated: 358, Removed: 0
[2025-12-03 11:30:02] --- SYNC STARTED ---
[2025-12-03 16:30:05] Sync Complete. New: 0, Updated: 358, Removed: 0
[2025-12-03 12:00:03] --- SYNC STARTED ---
[2025-12-03 17:00:05] Sync Complete. New: 0, Updated: 358, Removed: 0
[2025-12-03 12:30:03] --- SYNC STARTED ---
[2025-12-03 17:30:05] Sync Complete. New: 0, Updated: 358, Removed: 0
[2025-12-03 13:00:03] --- SYNC STARTED ---
[2025-12-03 18:00:07] Sync Complete. New: 0, Updated: 359, Removed: 0
[2025-12-03 13:30:03] --- SYNC STARTED ---
[2025-12-03 18:30:04] Sync Complete. New: 0, Updated: 359, Removed: 0
[2025-12-03 14:00:05] --- SYNC STARTED ---
[2025-12-03 19:00:10] Sync Complete. New: 0, Updated: 359, Removed: 0
[2025-12-03 14:30:03] --- SYNC STARTED ---
[2025-12-03 19:30:05] Sync Complete. New: 0, Updated: 359, Removed: 0
[2025-12-03 15:00:03] --- SYNC STARTED ---
[2025-12-03 20:00:06] Sync Complete. New: 0, Updated: 359, Removed: 0
[2025-12-03 15:30:03] --- SYNC STARTED ---
[2025-12-03 20:30:04] Sync Complete. New: 0, Updated: 359, Removed: 0
[2025-12-03 16:00:04] --- SYNC STARTED ---
[2025-12-03 21:00:05] Sync Complete. New: 0, Updated: 359, Removed: 0
[2025-12-03 16:30:03] --- SYNC STARTED ---
[2025-12-03 21:30:09] Sync Complete. New: 0, Updated: 359, Removed: 0
[2025-12-03 17:00:03] --- SYNC STARTED ---
[2025-12-03 22:00:05] Sync Complete. New: 0, Updated: 359, Removed: 0
[2025-12-03 17:30:03] --- SYNC STARTED ---
[2025-12-03 22:30:04] Sync Complete. New: 0, Updated: 359, Removed: 0
[2025-12-03 18:00:04] --- SYNC STARTED ---
[2025-12-03 23:00:07] Sync Complete. New: 0, Updated: 359, Removed: 0
[2025-12-03 18:11:24] --- SYNC STARTED ---
[2025-12-03 23:11:26] Sync Complete. New: 0, Updated: 359, Removed: 0
[2025-12-03 18:30:03] --- SYNC STARTED ---
[2025-12-03 23:30:07] Sync Complete. New: 0, Updated: 359, Removed: 0
[2025-12-03 19:00:03] --- SYNC STARTED ---
[2025-12-04 00:00:06] Sync Complete. New: 0, Updated: 359, Removed: 0
[2025-12-03 19:30:02] --- SYNC STARTED ---
[2025-12-04 00:30:04] Sync Complete. New: 0, Updated: 359, Removed: 0
[2025-12-03 20:00:03] --- SYNC STARTED ---
[2025-12-04 01:00:04] Sync Complete. New: 0, Updated: 359, Removed: 0
[2025-12-03 20:30:02] --- SYNC STARTED ---
[2025-12-04 01:30:04] Sync Complete. New: 0, Updated: 359, Removed: 0
[2025-12-03 21:00:03] --- SYNC STARTED ---
[2025-12-04 02:00:06] Sync Complete. New: 0, Updated: 359, Removed: 0
[2025-12-03 21:30:02] --- SYNC STARTED ---
[2025-12-04 02:30:03] Sync Complete. New: 0, Updated: 359, Removed: 0
[2025-12-03 22:00:03] --- SYNC STARTED ---
[2025-12-04 03:00:09] Sync Complete. New: 0, Updated: 359, Removed: 0
[2025-12-03 22:30:02] --- SYNC STARTED ---
[2025-12-04 03:30:07] Sync Complete. New: 0, Updated: 359, Removed: 0
[2025-12-03 23:00:03] --- SYNC STARTED ---
[2025-12-04 04:00:05] Sync Complete. New: 0, Updated: 359, Removed: 0
[2025-12-03 23:30:03] --- SYNC STARTED ---
[2025-12-04 04:30:04] Sync Complete. New: 0, Updated: 359, Removed: 0
[2025-12-04 00:00:03] --- SYNC STARTED ---
[2025-12-04 05:00:05] Sync Complete. New: 0, Updated: 359, Removed: 0
[2025-12-04 00:30:03] --- SYNC STARTED ---
[2025-12-04 05:30:08] Sync Complete. New: 0, Updated: 359, Removed: 0
[2025-12-04 01:00:03] --- SYNC STARTED ---
[2025-12-04 06:00:05] Sync Complete. New: 0, Updated: 359, Removed: 0
[2025-12-04 01:30:02] --- SYNC STARTED ---
[2025-12-04 06:30:04] Sync Complete. New: 0, Updated: 359, Removed: 0
[2025-12-04 02:00:03] --- SYNC STARTED ---
[2025-12-04 07:00:04] Sync Complete. New: 0, Updated: 359, Removed: 0
[2025-12-04 02:30:02] --- SYNC STARTED ---
[2025-12-04 07:30:04] Sync Complete. New: 0, Updated: 359, Removed: 0
[2025-12-04 03:00:03] --- SYNC STARTED ---
[2025-12-04 08:00:07] Sync Complete. New: 0, Updated: 359, Removed: 0
[2025-12-04 03:30:03] --- SYNC STARTED ---
[2025-12-04 08:30:08] Sync Complete. New: 0, Updated: 359, Removed: 0
[2025-12-04 04:00:04] --- SYNC STARTED ---
[2025-12-04 09:00:08] Sync Complete. New: 0, Updated: 359, Removed: 0
[2025-12-04 04:30:02] --- SYNC STARTED ---
[2025-12-04 09:30:05] Sync Complete. New: 0, Updated: 359, Removed: 0
[2025-12-04 05:00:03] --- SYNC STARTED ---
[2025-12-04 10:00:09] Sync Complete. New: 0, Updated: 359, Removed: 0
[2025-12-04 05:30:02] --- SYNC STARTED ---
[2025-12-04 10:30:03] Sync Complete. New: 0, Updated: 359, Removed: 0
[2025-12-04 06:00:04] --- SYNC STARTED ---
[2025-12-04 11:00:06] Sync Complete. New: 0, Updated: 359, Removed: 0
[2025-12-04 06:30:02] --- SYNC STARTED ---
[2025-12-04 11:30:04] Sync Complete. New: 0, Updated: 359, Removed: 0
[2025-12-04 07:00:03] --- SYNC STARTED ---
[2025-12-04 12:00:06] Sync Complete. New: 0, Updated: 359, Removed: 0
[2025-12-04 07:30:02] --- SYNC STARTED ---
[2025-12-04 12:30:04] Sync Complete. New: 0, Updated: 359, Removed: 0
[2025-12-04 08:00:03] --- SYNC STARTED ---
[2025-12-04 13:00:08] Sync Complete. New: 0, Updated: 359, Removed: 0
[2025-12-04 08:30:03] --- SYNC STARTED ---
[2025-12-04 13:30:04] Sync Complete. New: 0, Updated: 359, Removed: 0
[2025-12-04 09:00:03] --- SYNC STARTED ---
[2025-12-04 14:00:06] Sync Complete. New: 0, Updated: 359, Removed: 0
[2025-12-04 09:30:02] --- SYNC STARTED ---
[2025-12-04 14:30:04] Sync Complete. New: 0, Updated: 359, Removed: 0
[2025-12-04 10:00:03] --- SYNC STARTED ---
[2025-12-04 15:00:05] Sync Complete. New: 0, Updated: 359, Removed: 0
[2025-12-04 10:30:03] --- SYNC STARTED ---
[2025-12-04 15:30:05] Sync Complete. New: 0, Updated: 359, Removed: 0
[2025-12-04 11:00:03] --- SYNC STARTED ---
[2025-12-04 16:00:06] Sync Complete. New: 0, Updated: 359, Removed: 0
[2025-12-04 11:30:04] --- SYNC STARTED ---
[2025-12-04 16:30:09] Sync Complete. New: 0, Updated: 359, Removed: 0
[2025-12-04 12:00:03] --- SYNC STARTED ---
[2025-12-04 17:00:08] Sync Complete. New: 0, Updated: 359, Removed: 0
[2025-12-04 12:30:03] --- SYNC STARTED ---
[2025-12-04 17:30:05] Sync Complete. New: 0, Updated: 359, Removed: 0
[2025-12-04 13:00:03] --- SYNC STARTED ---
[2025-12-04 18:00:08] Sync Complete. New: 0, Updated: 359, Removed: 0
[2025-12-04 13:30:03] --- SYNC STARTED ---
[2025-12-04 18:30:04] Sync Complete. New: 0, Updated: 359, Removed: 0
[2025-12-04 14:00:03] --- SYNC STARTED ---
[2025-12-04 19:00:06] Sync Complete. New: 0, Updated: 359, Removed: 0
[2025-12-04 14:30:02] --- SYNC STARTED ---
[2025-12-04 19:30:04] Sync Complete. New: 0, Updated: 359, Removed: 0
[2025-12-04 15:00:02] --- SYNC STARTED ---
[2025-12-04 20:00:05] Sync Complete. New: 0, Updated: 359, Removed: 0
[2025-12-04 15:30:02] --- SYNC STARTED ---
[2025-12-04 20:30:04] Sync Complete. New: 0, Updated: 359, Removed: 0
[2025-12-04 16:00:03] --- SYNC STARTED ---
[2025-12-04 21:00:04] Sync Complete. New: 0, Updated: 359, Removed: 0
[2025-12-04 16:30:03] --- SYNC STARTED ---
[2025-12-04 21:30:09] Sync Complete. New: 0, Updated: 359, Removed: 0
[2025-12-04 17:00:03] --- SYNC STARTED ---
[2025-12-04 22:00:05] Sync Complete. New: 0, Updated: 359, Removed: 0
[2025-12-04 17:30:03] --- SYNC STARTED ---
[2025-12-04 22:30:09] Sync Complete. New: 0, Updated: 359, Removed: 0
[2025-12-04 18:00:04] --- SYNC STARTED ---
[2025-12-04 23:00:05] Sync Complete. New: 0, Updated: 357, Removed: 2
[2025-12-04 18:30:03] --- SYNC STARTED ---
[2025-12-04 23:30:04] Sync Complete. New: 0, Updated: 357, Removed: 0
[2025-12-04 19:00:03] --- SYNC STARTED ---
[2025-12-05 00:00:05] Sync Complete. New: 0, Updated: 357, Removed: 0
[2025-12-04 19:30:05] --- SYNC STARTED ---
[2025-12-05 00:30:09] Sync Complete. New: 0, Updated: 357, Removed: 0
[2025-12-04 20:00:03] --- SYNC STARTED ---
[2025-12-05 01:00:07] Sync Complete. New: 0, Updated: 357, Removed: 0
[2025-12-04 20:30:03] --- SYNC STARTED ---
[2025-12-05 01:30:05] Sync Complete. New: 0, Updated: 357, Removed: 0
[2025-12-04 21:00:03] --- SYNC STARTED ---
[2025-12-05 02:00:04] Sync Complete. New: 0, Updated: 357, Removed: 0
[2025-12-04 21:30:02] --- SYNC STARTED ---
[2025-12-05 02:30:05] Sync Complete. New: 0, Updated: 357, Removed: 0
[2025-12-04 22:00:02] --- SYNC STARTED ---
[2025-12-05 03:00:04] Sync Complete. New: 0, Updated: 357, Removed: 0
[2025-12-04 22:30:02] --- SYNC STARTED ---
[2025-12-05 03:30:03] Sync Complete. New: 0, Updated: 357, Removed: 0
[2025-12-04 23:00:03] --- SYNC STARTED ---
[2025-12-05 04:00:04] Sync Complete. New: 0, Updated: 357, Removed: 0
[2025-12-04 23:30:03] --- SYNC STARTED ---
[2025-12-05 04:30:10] Sync Complete. New: 0, Updated: 357, Removed: 0
[2025-12-05 00:00:03] --- SYNC STARTED ---
[2025-12-05 05:00:06] Sync Complete. New: 0, Updated: 357, Removed: 0
[2025-12-05 00:30:02] --- SYNC STARTED ---
[2025-12-05 05:30:03] Sync Complete. New: 0, Updated: 357, Removed: 0
[2025-12-05 01:00:02] --- SYNC STARTED ---
[2025-12-05 06:00:08] Sync Complete. New: 0, Updated: 357, Removed: 0
[2025-12-05 01:30:04] --- SYNC STARTED ---
[2025-12-05 06:30:10] Sync Complete. New: 0, Updated: 357, Removed: 0
[2025-12-05 02:00:02] --- SYNC STARTED ---
[2025-12-05 07:00:04] Sync Complete. New: 0, Updated: 357, Removed: 0
[2025-12-05 02:30:03] --- SYNC STARTED ---
[2025-12-05 07:30:07] Sync Complete. New: 0, Updated: 357, Removed: 0
[2025-12-05 03:00:03] --- SYNC STARTED ---
[2025-12-05 08:00:06] Sync Complete. New: 0, Updated: 357, Removed: 0
[2025-12-05 03:30:03] --- SYNC STARTED ---
[2025-12-05 08:30:05] Sync Complete. New: 0, Updated: 357, Removed: 0
[2025-12-05 04:00:03] --- SYNC STARTED ---
[2025-12-05 09:00:04] Sync Complete. New: 0, Updated: 357, Removed: 0
[2025-12-05 04:30:04] --- SYNC STARTED ---
[2025-12-05 09:30:12] Sync Complete. New: 0, Updated: 357, Removed: 0
[2025-12-05 05:00:03] --- SYNC STARTED ---
[2025-12-05 10:00:06] Sync Complete. New: 0, Updated: 357, Removed: 0
[2025-12-05 05:30:02] --- SYNC STARTED ---
[2025-12-05 10:30:04] Sync Complete. New: 0, Updated: 357, Removed: 0
[2025-12-05 06:00:03] --- SYNC STARTED ---
[2025-12-05 11:00:05] Sync Complete. New: 0, Updated: 357, Removed: 0
[2025-12-05 06:30:02] --- SYNC STARTED ---
[2025-12-05 11:30:07] Sync Complete. New: 0, Updated: 357, Removed: 0
[2025-12-05 07:00:04] --- SYNC STARTED ---
[2025-12-05 12:00:09] Sync Complete. New: 0, Updated: 357, Removed: 0
[2025-12-05 07:30:03] --- SYNC STARTED ---
[2025-12-05 12:30:09] Sync Complete. New: 0, Updated: 357, Removed: 0
[2025-12-05 08:00:04] --- SYNC STARTED ---
[2025-12-05 13:00:08] Sync Complete. New: 0, Updated: 357, Removed: 0
[2025-12-05 08:30:02] --- SYNC STARTED ---
[2025-12-05 13:30:07] Sync Complete. New: 0, Updated: 357, Removed: 0
[2025-12-05 09:00:02] --- SYNC STARTED ---
[2025-12-05 14:00:04] Sync Complete. New: 0, Updated: 357, Removed: 0
[2025-12-05 09:30:03] --- SYNC STARTED ---
[2025-12-05 14:30:05] Sync Complete. New: 0, Updated: 357, Removed: 0
[2025-12-05 10:00:03] --- SYNC STARTED ---
[2025-12-05 15:00:05] Sync Complete. New: 0, Updated: 357, Removed: 0
[2025-12-05 10:30:03] --- SYNC STARTED ---
[2025-12-05 15:30:04] Sync Complete. New: 0, Updated: 357, Removed: 0
[2025-12-05 11:00:03] --- SYNC STARTED ---
[2025-12-05 16:00:08] Sync Complete. New: 0, Updated: 357, Removed: 0
[2025-12-05 11:30:02] --- SYNC STARTED ---
[2025-12-05 16:30:04] Sync Complete. New: 0, Updated: 357, Removed: 0
[2025-12-05 12:00:03] --- SYNC STARTED ---
[2025-12-05 17:00:10] Sync Complete. New: 0, Updated: 357, Removed: 0
[2025-12-05 12:30:03] --- SYNC STARTED ---
[2025-12-05 17:30:05] Sync Complete. New: 0, Updated: 357, Removed: 0
[2025-12-05 13:00:03] --- SYNC STARTED ---
[2025-12-05 18:00:06] Sync Complete. New: 0, Updated: 357, Removed: 0
[2025-12-05 13:30:03] --- SYNC STARTED ---
[2025-12-05 18:30:08] Sync Complete. New: 0, Updated: 357, Removed: 0
[2025-12-05 14:00:03] --- SYNC STARTED ---
[2025-12-05 19:00:07] Sync Complete. New: 0, Updated: 357, Removed: 0
[2025-12-05 14:30:03] --- SYNC STARTED ---
[2025-12-05 19:30:06] Sync Complete. New: 0, Updated: 357, Removed: 0
[2025-12-05 15:00:03] --- SYNC STARTED ---
[2025-12-05 20:00:05] Sync Complete. New: 0, Updated: 357, Removed: 0
[2025-12-05 15:30:03] --- SYNC STARTED ---
[2025-12-05 20:30:07] Sync Complete. New: 0, Updated: 357, Removed: 0
[2025-12-05 16:00:03] --- SYNC STARTED ---
[2025-12-05 21:01:03] CRITICAL ERROR: SQLSTATE[HY000]: General error: 2006 MySQL server has gone away
[2025-12-05 16:30:02] --- SYNC STARTED ---
[2025-12-05 21:30:04] Sync Complete. New: 380, Updated: 0, Removed: 0
[2025-12-05 17:00:03] --- SYNC STARTED ---
[2025-12-05 22:00:09] Sync Complete. New: 0, Updated: 380, Removed: 0
[2025-12-05 17:30:03] --- SYNC STARTED ---
[2025-12-05 22:30:05] Sync Complete. New: 0, Updated: 380, Removed: 0
[2025-12-05 18:00:03] --- SYNC STARTED ---
[2025-12-05 23:00:06] Sync Complete. New: 0, Updated: 380, Removed: 0
[2025-12-05 18:30:03] --- SYNC STARTED ---
[2025-12-05 23:30:03] Syncing services using USD Rate: 285.48
[2025-12-05 23:30:05] Sync Complete. New: 0, Updated: 380, Removed: 0
[2025-12-05 19:00:04] --- SYNC STARTED ---
[2025-12-06 00:00:04] Syncing services using USD Rate: 285.48
[2025-12-06 00:00:07] Sync Complete. New: 0, Updated: 380, Removed: 0
[2025-12-05 19:30:03] --- SYNC STARTED ---
[2025-12-06 00:30:03] Syncing services using USD Rate: 285.48
[2025-12-06 00:30:06] Sync Complete. New: 0, Updated: 380, Removed: 0
[2025-12-05 20:00:03] --- SYNC STARTED ---
[2025-12-06 01:00:03] Syncing services using USD Rate: 285.48
[2025-12-06 01:00:05] Sync Complete. New: 0, Updated: 380, Removed: 0
[2025-12-05 20:30:03] --- SYNC STARTED ---
[2025-12-06 01:30:03] Syncing services using USD Rate: 285.48
[2025-12-06 01:30:05] Sync Complete. New: 0, Updated: 380, Removed: 0
[2025-12-05 21:00:05] --- SYNC STARTED ---
[2025-12-06 02:00:05] Syncing services using USD Rate: 285.48
[2025-12-06 02:00:09] Sync Complete. New: 0, Updated: 380, Removed: 0
[2025-12-05 21:30:03] --- SYNC STARTED ---
[2025-12-06 02:30:03] Syncing services using USD Rate: 285.48
[2025-12-06 02:30:04] Sync Complete. New: 0, Updated: 380, Removed: 0
[2025-12-05 22:00:05] --- SYNC STARTED ---
[2025-12-06 03:00:05] Syncing services using USD Rate: 285.48
[2025-12-06 03:00:09] Sync Complete. New: 0, Updated: 380, Removed: 0
[2025-12-05 22:30:02] --- SYNC STARTED ---
[2025-12-06 03:30:02] Syncing services using USD Rate: 285.48
[2025-12-06 03:30:04] Sync Complete. New: 0, Updated: 380, Removed: 0
[2025-12-05 23:00:03] --- SYNC STARTED ---
[2025-12-06 04:00:03] Syncing services using USD Rate: 285.48
[2025-12-06 04:00:05] Sync Complete. New: 0, Updated: 380, Removed: 0
[2025-12-05 23:30:03] --- SYNC STARTED ---
[2025-12-06 04:30:03] Syncing services using USD Rate: 285.48
[2025-12-06 04:30:04] Sync Complete. New: 0, Updated: 380, Removed: 0
[2025-12-06 00:00:03] --- SYNC STARTED ---
[2025-12-06 05:00:04] Syncing services using USD Rate: 285.48
[2025-12-06 05:00:06] Sync Complete. New: 0, Updated: 380, Removed: 0
[2025-12-06 00:30:02] --- SYNC STARTED ---
[2025-12-06 05:30:02] Syncing services using USD Rate: 285.42
[2025-12-06 05:30:03] Sync Complete. New: 0, Updated: 380, Removed: 0
[2025-12-06 01:00:03] --- SYNC STARTED ---
[2025-12-06 06:00:03] Syncing services using USD Rate: 285.42
[2025-12-06 06:00:05] Sync Complete. New: 0, Updated: 380, Removed: 0
[2025-12-06 01:30:03] --- SYNC STARTED ---
[2025-12-06 06:30:03] Syncing services using USD Rate: 285.42
[2025-12-06 06:30:06] Sync Complete. New: 0, Updated: 380, Removed: 0
[2025-12-06 02:00:03] --- SYNC STARTED ---
[2025-12-06 07:00:03] Syncing services using USD Rate: 285.42
[2025-12-06 07:00:04] Sync Complete. New: 0, Updated: 380, Removed: 0
[2025-12-06 02:30:03] --- SYNC STARTED ---
[2025-12-06 07:30:03] Syncing services using USD Rate: 285.42
[2025-12-06 07:30:04] Sync Complete. New: 0, Updated: 380, Removed: 0
[2025-12-06 03:00:04] --- SYNC STARTED ---
[2025-12-06 08:00:04] Syncing services using USD Rate: 285.42
[2025-12-06 08:00:06] Sync Complete. New: 0, Updated: 380, Removed: 0
[2025-12-06 03:30:03] --- SYNC STARTED ---
[2025-12-06 08:30:03] Syncing services using USD Rate: 285.42
[2025-12-06 08:30:05] Sync Complete. New: 0, Updated: 380, Removed: 0
[2025-12-06 04:00:03] --- SYNC STARTED ---
[2025-12-06 09:00:03] Syncing services using USD Rate: 285.42
[2025-12-06 09:00:07] Sync Complete. New: 0, Updated: 380, Removed: 0
[2025-12-06 04:30:03] --- SYNC STARTED ---
[2025-12-06 09:30:03] Syncing services using USD Rate: 285.42
[2025-12-06 09:30:04] Sync Complete. New: 0, Updated: 380, Removed: 0
[2025-12-06 05:00:03] --- SYNC STARTED ---
[2025-12-06 10:00:03] Syncing services using USD Rate: 285.42
[2025-12-06 10:00:06] Sync Complete. New: 0, Updated: 380, Removed: 0
[2025-12-06 05:30:03] --- SYNC STARTED ---
[2025-12-06 10:30:03] Syncing services using USD Rate: 285.42
[2025-12-06 10:30:08] Sync Complete. New: 0, Updated: 380, Removed: 0
[2025-12-06 06:00:03] --- SYNC STARTED ---
[2025-12-06 11:00:03] Syncing services using USD Rate: 285.42
[2025-12-06 11:00:06] Sync Complete. New: 0, Updated: 380, Removed: 0
[2025-12-06 06:30:03] --- SYNC STARTED ---
[2025-12-06 11:30:03] Syncing services using USD Rate: 285.42
[2025-12-06 11:30:05] Sync Complete. New: 0, Updated: 380, Removed: 0
[2025-12-06 07:00:03] --- SYNC STARTED ---
[2025-12-06 12:00:03] Syncing services using USD Rate: 285.42
[2025-12-06 12:00:05] Sync Complete. New: 0, Updated: 380, Removed: 0
[2025-12-06 07:30:03] --- SYNC STARTED ---
[2025-12-06 12:30:03] Syncing services using USD Rate: 285.42
[2025-12-06 12:30:04] Sync Complete. New: 0, Updated: 380, Removed: 0
[2025-12-06 08:00:03] --- SYNC STARTED ---
[2025-12-06 13:00:03] Syncing services using USD Rate: 285.42
[2025-12-06 13:00:07] Sync Complete. New: 0, Updated: 380, Removed: 0
[2025-12-06 08:30:02] --- SYNC STARTED ---
[2025-12-06 13:30:02] Syncing with Rate: 1 USD = 285.42 PKR
[2025-12-06 13:30:04] Sync Complete. New: 0, Updated: 380, Removed: 0
[2025-12-06 09:00:03] --- SYNC STARTED ---
[2025-12-06 14:00:03] Syncing with Rate: 1 USD = 58004.64 PKR
[2025-12-06 14:00:05] Sync Complete. New: 2, Updated: 380, Removed: 0
[2025-12-06 09:30:03] --- SYNC STARTED ---
[2025-12-06 14:30:03] Syncing with Rate: 1 USD = 58004.64 PKR
[2025-12-06 14:30:04] Sync Complete. New: 0, Updated: 382, Removed: 0
