[2025-11-29 17:22:24] --- WALLET RECALCULATION STARTED ---
[2025-11-29 22:22:24] Checking 11 users...
[2025-11-29 22:22:24] FIXED: User ID 3 (israrliaqat48@gmail.com). Old: 2436.71, New: 2536.71
[2025-11-29 22:22:24] FIXED: User ID 6 (israrliaqat2005@gmail.com). Old: 100, New: 0
[2025-11-29 22:22:24] SUCCESS: Fixed balances for 2 users.
[2025-11-29 22:22:24] --- FINISHED ---
[2025-11-29 17:23:18] --- WALLET RECALCULATION STARTED ---
[2025-11-29 22:23:18] Checking 11 users...
[2025-11-29 22:23:18] All wallet balances are correct.
[2025-11-29 22:23:18] --- FINISHED ---
[2025-11-29 17:28:45] --- WALLET RECALCULATION STARTED ---
[2025-11-29 22:28:45] Checking 11 users...
[2025-11-29 22:28:45] All wallet balances are correct.
[2025-11-29 22:28:45] --- FINISHED ---
[2025-11-29 19:00:03] --- WALLET RECALCULATION STARTED ---
[2025-11-30 00:00:03] Checking 11 users...
[2025-11-30 00:00:03] All wallet balances are correct.
[2025-11-30 00:00:03] --- FINISHED ---
[2025-11-30 19:00:02] --- WALLET RECALCULATION STARTED ---
[2025-12-01 00:00:02] Checking 11 users...
[2025-12-01 00:00:02] All wallet balances are correct.
[2025-12-01 00:00:02] --- FINISHED ---
